<?xml version="1.0" encoding="UTF-8"?>
<!-- Generated by org.testng.reporters.JUnitReportReporter -->
<testsuite skipped="0" hostname="AIPL-PUN-LT-081" name="com.students.tests.WalmartAPITest" tests="22" failures="1" timestamp="20 Apr 2020 10:55:39 GMT" time="37.927" errors="0">
  <testcase name="getTheAllDetailsWithFilter" time="1.537" classname="com.students.tests.WalmartAPITest"/>
  <testcase name="getTheResponseAndStoreToHashMap" time="1.551" classname="com.students.tests.WalmartAPITest"/>
  <testcase name="getTheSizeOfItem" time="1.669" classname="com.students.tests.WalmartAPITest"/>
  <testcase name="getExtract" time="2.177" classname="com.students.tests.WalmartAPITest"/>
  <testcase name="getTheItemsForTheSpecific" time="1.523" classname="com.students.tests.WalmartAPITest"/>
  <testcase name="getTheproductNameFromItems" time="1.809" classname="com.students.tests.WalmartAPITest"/>
  <testcase name="getExtractAllName" time="1.616" classname="com.students.tests.WalmartAPITest"/>
  <testcase name="getTheITem" time="1.897" classname="com.students.tests.WalmartAPITest"/>
  <testcase name="getAllTheSalePrice" time="4.144" classname="com.students.tests.WalmartAPITest"/>
  <testcase name="getTheGiftOptionsFromXMLPath" time="1.515" classname="com.students.tests.WalmartAPITest"/>
  <testcase name="getallTheNameFromTheArray" time="1.614" classname="com.students.tests.WalmartAPITest">
    <failure type="java.lang.AssertionError" message="expected [true] but found [false]">
      <![CDATA[java.lang.AssertionError: expected [true] but found [false]
at org.testng.Assert.fail(Assert.java:96)
at org.testng.Assert.failNotEquals(Assert.java:776)
at org.testng.Assert.assertTrue(Assert.java:44)
at org.testng.Assert.assertTrue(Assert.java:54)
at com.students.tests.WalmartAPITest.getallTheNameFromTheArray(WalmartAPITest.java:222)
at sun.reflect.NativeMethodAccessorImpl.invoke0(Native Method)
at sun.reflect.NativeMethodAccessorImpl.invoke(Unknown Source)
at sun.reflect.DelegatingMethodAccessorImpl.invoke(Unknown Source)
at java.lang.reflect.Method.invoke(Unknown Source)
at org.testng.internal.MethodInvocationHelper.invokeMethod(MethodInvocationHelper.java:124)
at org.testng.internal.Invoker.invokeMethod(Invoker.java:583)
at org.testng.internal.Invoker.invokeTestMethod(Invoker.java:719)
at org.testng.internal.Invoker.invokeTestMethods(Invoker.java:989)
at org.testng.internal.TestMethodWorker.invokeTestMethods(TestMethodWorker.java:125)
at org.testng.internal.TestMethodWorker.run(TestMethodWorker.java:109)
at org.testng.TestRunner.privateRun(TestRunner.java:648)
at org.testng.TestRunner.run(TestRunner.java:505)
at org.testng.SuiteRunner.runTest(SuiteRunner.java:455)
at org.testng.SuiteRunner.runSequentially(SuiteRunner.java:450)
at org.testng.SuiteRunner.privateRun(SuiteRunner.java:415)
at org.testng.SuiteRunner.run(SuiteRunner.java:364)
at org.testng.SuiteRunnerWorker.runSuite(SuiteRunnerWorker.java:52)
at org.testng.SuiteRunnerWorker.run(SuiteRunnerWorker.java:84)
at org.testng.TestNG.runSuitesSequentially(TestNG.java:1208)
at org.testng.TestNG.runSuitesLocally(TestNG.java:1137)
at org.testng.TestNG.runSuites(TestNG.java:1049)
at org.testng.TestNG.run(TestNG.java:1017)
at org.testng.remote.AbstractRemoteTestNG.run(AbstractRemoteTestNG.java:115)
at org.testng.remote.RemoteTestNG.initAndRun(RemoteTestNG.java:251)
at org.testng.remote.RemoteTestNG.main(RemoteTestNG.java:77)
]]>
    </failure>
  </testcase> <!-- getallTheNameFromTheArray -->
  <testcase name="getTheResponseAndValidate1" time="1.519" classname="com.students.tests.WalmartAPITest"/>
  <testcase name="getTheMapwhereNameStartsWithRef" time="1.585" classname="com.students.tests.WalmartAPITest"/>
  <testcase name="getTheNumItems" time="1.858" classname="com.students.tests.WalmartAPITest"/>
  <testcase name="getTheItemsFromList" time="1.564" classname="com.students.tests.WalmartAPITest"/>
  <testcase name="getTheResponseInXML" time="1.636" classname="com.students.tests.WalmartAPITest"/>
  <testcase name="getTheSizeOfTheArray" time="1.747" classname="com.students.tests.WalmartAPITest"/>
  <testcase name="getAlltheSalePrice" time="1.927" classname="com.students.tests.WalmartAPITest"/>
  <testcase name="getTheSalePriceWhereNameEndsWithed" time="1.569" classname="com.students.tests.WalmartAPITest"/>
  <testcase name="getTheITemAndVerify" time="1.908" classname="com.students.tests.WalmartAPITest"/>
  <testcase name="getTheResponseAndValidate" time="1.561" classname="com.students.tests.WalmartAPITest"/>
  <testcase name="testdd" time="0.001" classname="com.students.tests.WalmartAPITest"/>
</testsuite> <!-- com.students.tests.WalmartAPITest -->
